<?xml version="1.0" encoding="UTF-8"?>
<testng-results skipped="0" failed="0" total="1" passed="1">
  <reporter-output>
  </reporter-output>
  <suite name="Default suite" duration-ms="35" started-at="2021-02-23T20:45:34Z" finished-at="2021-02-23T20:45:34Z">
    <groups>
    </groups>
    <test name="Default test" duration-ms="35" started-at="2021-02-23T20:45:34Z" finished-at="2021-02-23T20:45:34Z">
      <class name="Homework.TestNgHomework.FirstTest">
        <test-method status="PASS" signature="firstTest()[pri:0, instance:Homework.TestNgHomework.FirstTest@1b40d5f0]" name="firstTest" duration-ms="16" started-at="2021-02-23T21:45:34Z" finished-at="2021-02-23T21:45:34Z">
          <reporter-output>
          </reporter-output>
        </test-method> <!-- firstTest -->
      </class> <!-- Homework.TestNgHomework.FirstTest -->
    </test> <!-- Default test -->
  </suite> <!-- Default suite -->
</testng-results>
